This file contains any messages produced by compilers while
running configure, to aid debugging if configure makes a mistake.

It was created by configure, which was
generated by GNU Autoconf 2.65.  Invocation command line was

  $ ./configure 

## --------- ##
## Platform. ##
## --------- ##

hostname = localhost.localdomain
uname -m = i686
uname -r = 2.6.33.7-desktop-2mnb
uname -s = Linux
uname -v = #1 SMP Mon Sep 20 19:00:25 UTC 2010

/usr/bin/uname -p = unknown
/bin/uname -X     = unknown

/bin/arch              = i686
/usr/bin/arch -k       = unknown
/usr/convex/getsysinfo = unknown
/usr/bin/hostinfo      = unknown
/bin/machine           = unknown
/usr/bin/oslevel       = unknown
/bin/universe          = unknown

PATH: /home/oldache/netkit/bin
PATH: /usr/local/eclipse
PATH: /home/oldache/.rvm/gems/ruby-1.9.3-p545@rails3tutorial/bin
PATH: /home/oldache/.rvm/gems/ruby-1.9.3-p545@global/bin
PATH: /home/oldache/.rvm/rubies/ruby-1.9.3-p545/bin
PATH: /home/oldache/netkit/bin
PATH: /usr/local/eclipse
PATH: /usr/bin
PATH: /bin
PATH: /usr/local/bin
PATH: /usr/X11R6/bin/
PATH: /usr/games
PATH: /usr/lib/qt4/bin
PATH: /home/oldache/mongodb-linux-i686-2.2.7/bin
PATH: /usr/local/heroku/bin
PATH: /home/oldache/bin
PATH: /home/oldache/.rvm/bin
PATH: /home/oldache/.rvm/bin
PATH: /home/oldache/mongodb-linux-i686-2.2.7/bin
PATH: /usr/local/heroku/bin
PATH: /home/oldache/bin
PATH: /home/oldache/.rvm/bin


## ----------- ##
## Core tests. ##
## ----------- ##

configure:2169: checking for a BSD-compatible install
configure:2237: result: /usr/bin/install -c
configure:2248: checking whether build environment is sane
configure:2298: result: yes
configure:2439: checking for a thread-safe mkdir -p
configure:2478: result: /bin/mkdir -p
configure:2491: checking for gawk
configure:2507: found /usr/bin/gawk
configure:2518: result: gawk
configure:2529: checking whether make sets $(MAKE)
configure:2551: result: yes
configure:2634: checking whether to enable maintainer-specific portions of Makefiles
configure:2643: result: no
configure:2669: checking for style of include used by make
configure:2697: result: GNU
configure:2767: checking for gcc
configure:2783: found /usr/bin/gcc
configure:2794: result: gcc
configure:3023: checking for C compiler version
configure:3032: gcc --version >&5
gcc (GCC) 4.4.3
Copyright (C) 2010 Free Software Foundation, Inc.
This is free software; see the source for copying conditions.  There is NO
warranty; not even for MERCHANTABILITY or FITNESS FOR A PARTICULAR PURPOSE.

configure:3043: $? = 0
configure:3032: gcc -v >&5
Using built-in specs.
Target: i586-manbo-linux-gnu
Configured with: ../configure --prefix=/usr --libexecdir=/usr/lib --with-slibdir=/lib --with-bugurl=https://qa.mandriva.com/ --mandir=/usr/share/man --infodir=/usr/share/info --enable-checking=release --enable-languages=c,c++,ada,fortran,objc,obj-c++,java --build=i586-manbo-linux-gnu --host=i586-manbo-linux-gnu --with-cpu=generic --with-system-zlib --enable-threads=posix --enable-shared --enable-objc-gc --enable-long-long --enable-__cxa_atexit --disable-libunwind-exceptions --enable-clocale=gnu --enable-java-awt=gtk --with-java-home=/usr/lib/jvm/java-1.5.0-gcj-1.5.0.0/jre --with-ecj-jar=/usr/share/java/eclipse-ecj.jar --enable-gtk-cairo --disable-libjava-multilib --enable-ssp --disable-libssp --disable-werror --with-ppl --with-cloog --with-python-dir=/lib/python2.6/site-packages
Thread model: posix
gcc version 4.4.3 (GCC) 
configure:3043: $? = 0
configure:3032: gcc -V >&5
gcc: '-V' option must have argument
configure:3043: $? = 1
configure:3032: gcc -qversion >&5
gcc: unrecognized option '-qversion'
gcc: no input files
configure:3043: $? = 1
configure:3063: checking whether the C compiler works
configure:3085: gcc    conftest.c  >&5
configure:3089: $? = 0
configure:3138: result: yes
configure:3141: checking for C compiler default output file name
configure:3143: result: a.out
configure:3149: checking for suffix of executables
configure:3156: gcc -o conftest    conftest.c  >&5
configure:3160: $? = 0
configure:3182: result: 
configure:3204: checking whether we are cross compiling
configure:3212: gcc -o conftest    conftest.c  >&5
configure:3216: $? = 0
configure:3223: ./conftest
configure:3227: $? = 0
configure:3242: result: no
configure:3247: checking for suffix of object files
configure:3269: gcc -c   conftest.c >&5
configure:3273: $? = 0
configure:3294: result: o
configure:3298: checking whether we are using the GNU C compiler
configure:3317: gcc -c   conftest.c >&5
configure:3317: $? = 0
configure:3326: result: yes
configure:3335: checking whether gcc accepts -g
configure:3355: gcc -c -g  conftest.c >&5
configure:3355: $? = 0
configure:3396: result: yes
configure:3413: checking for gcc option to accept ISO C89
configure:3477: gcc  -c -g -O2  conftest.c >&5
configure:3477: $? = 0
configure:3490: result: none needed
configure:3512: checking dependency style of gcc
configure:3622: result: gcc3
configure:3638: checking for g_thread_init in -lgthread-2.0
configure:3663: gcc -o conftest -g -O2   conftest.c -lgthread-2.0   >&5
configure:3663: $? = 0
configure:3672: result: yes
configure:3684: checking for library containing strerror
configure:3715: gcc -o conftest -g -O2   conftest.c -lgthread-2.0  >&5
configure:3715: $? = 0
configure:3732: result: none required
configure:3788: checking for gcc
configure:3815: result: gcc
configure:4044: checking for C compiler version
configure:4053: gcc --version >&5
gcc (GCC) 4.4.3
Copyright (C) 2010 Free Software Foundation, Inc.
This is free software; see the source for copying conditions.  There is NO
warranty; not even for MERCHANTABILITY or FITNESS FOR A PARTICULAR PURPOSE.

configure:4064: $? = 0
configure:4053: gcc -v >&5
Using built-in specs.
Target: i586-manbo-linux-gnu
Configured with: ../configure --prefix=/usr --libexecdir=/usr/lib --with-slibdir=/lib --with-bugurl=https://qa.mandriva.com/ --mandir=/usr/share/man --infodir=/usr/share/info --enable-checking=release --enable-languages=c,c++,ada,fortran,objc,obj-c++,java --build=i586-manbo-linux-gnu --host=i586-manbo-linux-gnu --with-cpu=generic --with-system-zlib --enable-threads=posix --enable-shared --enable-objc-gc --enable-long-long --enable-__cxa_atexit --disable-libunwind-exceptions --enable-clocale=gnu --enable-java-awt=gtk --with-java-home=/usr/lib/jvm/java-1.5.0-gcj-1.5.0.0/jre --with-ecj-jar=/usr/share/java/eclipse-ecj.jar --enable-gtk-cairo --disable-libjava-multilib --enable-ssp --disable-libssp --disable-werror --with-ppl --with-cloog --with-python-dir=/lib/python2.6/site-packages
Thread model: posix
gcc version 4.4.3 (GCC) 
configure:4064: $? = 0
configure:4053: gcc -V >&5
gcc: '-V' option must have argument
configure:4064: $? = 1
configure:4053: gcc -qversion >&5
gcc: unrecognized option '-qversion'
gcc: no input files
configure:4064: $? = 1
configure:4068: checking whether we are using the GNU C compiler
configure:4096: result: yes
configure:4105: checking whether gcc accepts -g
configure:4166: result: yes
configure:4183: checking for gcc option to accept ISO C89
configure:4260: result: none needed
configure:4282: checking dependency style of gcc
configure:4392: result: gcc3
configure:4455: checking for gcc
configure:4482: result: gcc
configure:4711: checking for C compiler version
configure:4720: gcc --version >&5
gcc (GCC) 4.4.3
Copyright (C) 2010 Free Software Foundation, Inc.
This is free software; see the source for copying conditions.  There is NO
warranty; not even for MERCHANTABILITY or FITNESS FOR A PARTICULAR PURPOSE.

configure:4731: $? = 0
configure:4720: gcc -v >&5
Using built-in specs.
Target: i586-manbo-linux-gnu
Configured with: ../configure --prefix=/usr --libexecdir=/usr/lib --with-slibdir=/lib --with-bugurl=https://qa.mandriva.com/ --mandir=/usr/share/man --infodir=/usr/share/info --enable-checking=release --enable-languages=c,c++,ada,fortran,objc,obj-c++,java --build=i586-manbo-linux-gnu --host=i586-manbo-linux-gnu --with-cpu=generic --with-system-zlib --enable-threads=posix --enable-shared --enable-objc-gc --enable-long-long --enable-__cxa_atexit --disable-libunwind-exceptions --enable-clocale=gnu --enable-java-awt=gtk --with-java-home=/usr/lib/jvm/java-1.5.0-gcj-1.5.0.0/jre --with-ecj-jar=/usr/share/java/eclipse-ecj.jar --enable-gtk-cairo --disable-libjava-multilib --enable-ssp --disable-libssp --disable-werror --with-ppl --with-cloog --with-python-dir=/lib/python2.6/site-packages
Thread model: posix
gcc version 4.4.3 (GCC) 
configure:4731: $? = 0
configure:4720: gcc -V >&5
gcc: '-V' option must have argument
configure:4731: $? = 1
configure:4720: gcc -qversion >&5
gcc: unrecognized option '-qversion'
gcc: no input files
configure:4731: $? = 1
configure:4735: checking whether we are using the GNU C compiler
configure:4763: result: yes
configure:4772: checking whether gcc accepts -g
configure:4833: result: yes
configure:4850: checking for gcc option to accept ISO C89
configure:4927: result: none needed
configure:4949: checking dependency style of gcc
configure:5059: result: gcc3
configure:5082: checking how to run the C preprocessor
configure:5113: gcc -E  conftest.c
configure:5113: $? = 0
configure:5127: gcc -E  conftest.c
conftest.c:12:28: error: ac_nonexistent.h: No such file or directory
configure:5127: $? = 1
configure: failed program was:
| /* confdefs.h */
| #define PACKAGE_NAME ""
| #define PACKAGE_TARNAME ""
| #define PACKAGE_VERSION ""
| #define PACKAGE_STRING ""
| #define PACKAGE_BUGREPORT ""
| #define PACKAGE_URL ""
| #define PACKAGE "awsedit"
| #define VERSION "0.1"
| #define HAVE_LIBGTHREAD_2_0 1
| /* end confdefs.h.  */
| #include <ac_nonexistent.h>
configure:5152: result: gcc -E
configure:5172: gcc -E  conftest.c
configure:5172: $? = 0
configure:5186: gcc -E  conftest.c
conftest.c:12:28: error: ac_nonexistent.h: No such file or directory
configure:5186: $? = 1
configure: failed program was:
| /* confdefs.h */
| #define PACKAGE_NAME ""
| #define PACKAGE_TARNAME ""
| #define PACKAGE_VERSION ""
| #define PACKAGE_STRING ""
| #define PACKAGE_BUGREPORT ""
| #define PACKAGE_URL ""
| #define PACKAGE "awsedit"
| #define VERSION "0.1"
| #define HAVE_LIBGTHREAD_2_0 1
| /* end confdefs.h.  */
| #include <ac_nonexistent.h>
configure:5215: checking for grep that handles long lines and -e
configure:5273: result: /bin/grep
configure:5278: checking for egrep
configure:5340: result: /bin/grep -E
configure:5345: checking for ANSI C header files
configure:5365: gcc -c -g -O2  conftest.c >&5
configure:5365: $? = 0
configure:5438: gcc -o conftest -g -O2   conftest.c -lgthread-2.0  >&5
configure:5438: $? = 0
configure:5438: ./conftest
configure:5438: $? = 0
configure:5449: result: yes
configure:5508: checking for pkg-config
configure:5526: found /usr/bin/pkg-config
configure:5538: result: /usr/bin/pkg-config
configure:5563: checking pkg-config is at least version 0.9.0
configure:5566: result: yes
configure:5577: checking for PACKAGE
configure:5584: $PKG_CONFIG --exists --print-errors "$pkg_modules"
configure:5587: $? = 0
configure:5600: $PKG_CONFIG --exists --print-errors "$pkg_modules"
configure:5603: $? = 0
configure:5657: result: yes
configure:5678: checking for sys/types.h
configure:5678: gcc -c -g -O2  conftest.c >&5
configure:5678: $? = 0
configure:5678: result: yes
configure:5678: checking for sys/stat.h
configure:5678: gcc -c -g -O2  conftest.c >&5
configure:5678: $? = 0
configure:5678: result: yes
configure:5678: checking for stdlib.h
configure:5678: gcc -c -g -O2  conftest.c >&5
configure:5678: $? = 0
configure:5678: result: yes
configure:5678: checking for string.h
configure:5678: gcc -c -g -O2  conftest.c >&5
configure:5678: $? = 0
configure:5678: result: yes
configure:5678: checking for memory.h
configure:5678: gcc -c -g -O2  conftest.c >&5
configure:5678: $? = 0
configure:5678: result: yes
configure:5678: checking for strings.h
configure:5678: gcc -c -g -O2  conftest.c >&5
configure:5678: $? = 0
configure:5678: result: yes
configure:5678: checking for inttypes.h
configure:5678: gcc -c -g -O2  conftest.c >&5
configure:5678: $? = 0
configure:5678: result: yes
configure:5678: checking for stdint.h
configure:5678: gcc -c -g -O2  conftest.c >&5
configure:5678: $? = 0
configure:5678: result: yes
configure:5678: checking for unistd.h
configure:5678: gcc -c -g -O2  conftest.c >&5
configure:5678: $? = 0
configure:5678: result: yes
configure:5694: checking locale.h usability
configure:5694: gcc -c -g -O2  conftest.c >&5
configure:5694: $? = 0
configure:5694: result: yes
configure:5694: checking locale.h presence
configure:5694: gcc -E  conftest.c
configure:5694: $? = 0
configure:5694: result: yes
configure:5694: checking for locale.h
configure:5694: result: yes
configure:5705: checking for LC_MESSAGES
configure:5721: gcc -o conftest -g -O2   conftest.c -lgthread-2.0  >&5
configure:5721: $? = 0
configure:5729: result: yes
configure:5746: checking libintl.h usability
configure:5746: gcc -c -g -O2  conftest.c >&5
configure:5746: $? = 0
configure:5746: result: yes
configure:5746: checking libintl.h presence
configure:5746: gcc -E  conftest.c
configure:5746: $? = 0
configure:5746: result: yes
configure:5746: checking for libintl.h
configure:5746: result: yes
configure:5754: checking for ngettext in libc
configure:5772: gcc -o conftest -g -O2   conftest.c -lgthread-2.0  >&5
configure:5772: $? = 0
configure:5781: result: yes
configure:5785: checking for dgettext in libc
configure:5803: gcc -o conftest -g -O2   conftest.c -lgthread-2.0  >&5
configure:5803: $? = 0
configure:5812: result: yes
configure:5819: checking for bind_textdomain_codeset
configure:5819: gcc -o conftest -g -O2   conftest.c -lgthread-2.0  >&5
configure:5819: $? = 0
configure:5819: result: yes
configure:6095: checking for msgfmt
configure:6125: result: no
configure:6528: creating ./config.status

## ---------------------- ##
## Running config.status. ##
## ---------------------- ##

This file was extended by config.status, which was
generated by GNU Autoconf 2.65.  Invocation command line was

  CONFIG_FILES    = 
  CONFIG_HEADERS  = 
  CONFIG_LINKS    = 
  CONFIG_COMMANDS = 
  $ ./config.status 

on localhost.localdomain

config.status:885: creating Makefile
config.status:885: creating src/Makefile
config.status:885: creating po/Makefile.in
config.status:885: creating config.h
config.status:1057: config.h is unchanged
config.status:1105: executing depfiles commands
config.status:1105: executing default-1 commands

## ---------------- ##
## Cache variables. ##
## ---------------- ##

ac_cv_c_compiler_gnu=yes
ac_cv_env_CC_set=
ac_cv_env_CC_value=
ac_cv_env_CFLAGS_set=
ac_cv_env_CFLAGS_value=
ac_cv_env_CPPFLAGS_set=
ac_cv_env_CPPFLAGS_value=
ac_cv_env_CPP_set=
ac_cv_env_CPP_value=
ac_cv_env_LDFLAGS_set=
ac_cv_env_LDFLAGS_value=
ac_cv_env_LIBS_set=
ac_cv_env_LIBS_value=
ac_cv_env_PACKAGE_CFLAGS_set=
ac_cv_env_PACKAGE_CFLAGS_value=
ac_cv_env_PACKAGE_LIBS_set=
ac_cv_env_PACKAGE_LIBS_value=
ac_cv_env_PKG_CONFIG_set=
ac_cv_env_PKG_CONFIG_value=
ac_cv_env_build_alias_set=
ac_cv_env_build_alias_value=
ac_cv_env_host_alias_set=
ac_cv_env_host_alias_value=
ac_cv_env_target_alias_set=
ac_cv_env_target_alias_value=
ac_cv_func_bind_textdomain_codeset=yes
ac_cv_header_inttypes_h=yes
ac_cv_header_libintl_h=yes
ac_cv_header_locale_h=yes
ac_cv_header_memory_h=yes
ac_cv_header_stdc=yes
ac_cv_header_stdint_h=yes
ac_cv_header_stdlib_h=yes
ac_cv_header_string_h=yes
ac_cv_header_strings_h=yes
ac_cv_header_sys_stat_h=yes
ac_cv_header_sys_types_h=yes
ac_cv_header_unistd_h=yes
ac_cv_lib_gthread_2_0_g_thread_init=yes
ac_cv_objext=o
ac_cv_path_EGREP='/bin/grep -E'
ac_cv_path_GREP=/bin/grep
ac_cv_path_MSGFMT=no
ac_cv_path_ac_pt_PKG_CONFIG=/usr/bin/pkg-config
ac_cv_path_install='/usr/bin/install -c'
ac_cv_path_mkdir=/bin/mkdir
ac_cv_prog_AWK=gawk
ac_cv_prog_CPP='gcc -E'
ac_cv_prog_ac_ct_CC=gcc
ac_cv_prog_cc_c89=
ac_cv_prog_cc_g=yes
ac_cv_prog_make_make_set=yes
ac_cv_search_strerror='none required'
am_cv_CC_dependencies_compiler_type=gcc3
am_cv_prog_cc_stdc=
am_cv_val_LC_MESSAGES=yes
gt_cv_func_dgettext_libc=yes
gt_cv_func_dgettext_libintl=no
gt_cv_func_ngettext_libc=yes
gt_cv_have_gettext=no
pkg_cv_PACKAGE_CFLAGS='-pthread -I/usr/include/gtk-2.0 -I/usr/lib/gtk-2.0/include -I/usr/include/atk-1.0 -I/usr/include/cairo -I/usr/include/pango-1.0 -I/usr/include/glib-2.0 -I/usr/lib/glib-2.0/include -I/usr/include/pixman-1 -I/usr/include/freetype2 -I/usr/include/libpng12  '
pkg_cv_PACKAGE_LIBS='-pthread -lgtk-x11-2.0 -lgdk-x11-2.0 -latk-1.0 -lgio-2.0 -lpangoft2-1.0 -lgdk_pixbuf-2.0 -lpangocairo-1.0 -lcairo -lpango-1.0 -lfreetype -lfontconfig -lgobject-2.0 -lgmodule-2.0 -lgthread-2.0 -lrt -lglib-2.0  '

## ----------------- ##
## Output variables. ##
## ----------------- ##

ACLOCAL='${SHELL} /home/oldache/awsedit/awsedit/missing --run aclocal-1.11'
AMDEPBACKSLASH='\'
AMDEP_FALSE='#'
AMDEP_TRUE=''
AMTAR='${SHELL} /home/oldache/awsedit/awsedit/missing --run tar'
AUTOCONF='${SHELL} /home/oldache/awsedit/awsedit/missing --run autoconf'
AUTOHEADER='${SHELL} /home/oldache/awsedit/awsedit/missing --run autoheader'
AUTOMAKE='${SHELL} /home/oldache/awsedit/awsedit/missing --run automake-1.11'
AWK='gawk'
CATALOGS=''
CATOBJEXT='NONE'
CC='gcc'
CCDEPMODE='depmode=gcc3'
CFLAGS='-g -O2'
CPP='gcc -E'
CPPFLAGS=''
CYGPATH_W='echo'
DATADIRNAME=''
DEFS='-DHAVE_CONFIG_H'
DEPDIR='.deps'
ECHO_C=''
ECHO_N='-n'
ECHO_T=''
EGREP='/bin/grep -E'
EXEEXT=''
GETTEXT_PACKAGE='awsedit'
GMOFILES=''
GMSGFMT=''
GREP='/bin/grep'
INSTALL_DATA='${INSTALL} -m 644'
INSTALL_PROGRAM='${INSTALL}'
INSTALL_SCRIPT='${INSTALL}'
INSTALL_STRIP_PROGRAM='$(install_sh) -c -s'
INSTOBJEXT=''
INTLLIBS=''
LDFLAGS=''
LIBOBJS=''
LIBS='-lgthread-2.0 '
LTLIBOBJS=''
MAINT='#'
MAINTAINER_MODE_FALSE=''
MAINTAINER_MODE_TRUE='#'
MAKEINFO='${SHELL} /home/oldache/awsedit/awsedit/missing --run makeinfo'
MKDIR_P='/bin/mkdir -p'
MKINSTALLDIRS='./mkinstalldirs'
MSGFMT='no'
MSGFMT_OPTS=''
OBJEXT='o'
PACKAGE='awsedit'
PACKAGE_BUGREPORT=''
PACKAGE_CFLAGS='-pthread -I/usr/include/gtk-2.0 -I/usr/lib/gtk-2.0/include -I/usr/include/atk-1.0 -I/usr/include/cairo -I/usr/include/pango-1.0 -I/usr/include/glib-2.0 -I/usr/lib/glib-2.0/include -I/usr/include/pixman-1 -I/usr/include/freetype2 -I/usr/include/libpng12  '
PACKAGE_LIBS='-pthread -lgtk-x11-2.0 -lgdk-x11-2.0 -latk-1.0 -lgio-2.0 -lpangoft2-1.0 -lgdk_pixbuf-2.0 -lpangocairo-1.0 -lcairo -lpango-1.0 -lfreetype -lfontconfig -lgobject-2.0 -lgmodule-2.0 -lgthread-2.0 -lrt -lglib-2.0  '
PACKAGE_NAME=''
PACKAGE_STRING=''
PACKAGE_TARNAME=''
PACKAGE_URL=''
PACKAGE_VERSION=''
PATH_SEPARATOR=':'
PKG_CONFIG='/usr/bin/pkg-config'
POFILES=''
POSUB='po'
PO_IN_DATADIR_FALSE=''
PO_IN_DATADIR_TRUE=''
SET_MAKE=''
SHELL='/bin/sh'
STRIP=''
USE_NLS='yes'
VERSION='0.1'
XGETTEXT=':'
ac_ct_CC='gcc'
am__EXEEXT_FALSE=''
am__EXEEXT_TRUE='#'
am__fastdepCC_FALSE='#'
am__fastdepCC_TRUE=''
am__include='include'
am__isrc=''
am__leading_dot='.'
am__quote=''
am__tar='${AMTAR} chof - "$$tardir"'
am__untar='${AMTAR} xf -'
bindir='${exec_prefix}/bin'
build_alias=''
datadir='${datarootdir}'
datarootdir='${prefix}/share'
docdir='${datarootdir}/doc/${PACKAGE}'
dvidir='${docdir}'
exec_prefix='${prefix}'
host_alias=''
htmldir='${docdir}'
includedir='${prefix}/include'
infodir='${datarootdir}/info'
install_sh='${SHELL} /home/oldache/awsedit/awsedit/install-sh'
libdir='${exec_prefix}/lib'
libexecdir='${exec_prefix}/libexec'
localedir='${datarootdir}/locale'
localstatedir='${prefix}/var'
mandir='${datarootdir}/man'
mkdir_p='/bin/mkdir -p'
oldincludedir='/usr/include'
pdfdir='${docdir}'
prefix='/usr/local'
program_transform_name='s,x,x,'
psdir='${docdir}'
sbindir='${exec_prefix}/sbin'
sharedstatedir='${prefix}/com'
sysconfdir='${prefix}/etc'
target_alias=''

## ----------- ##
## confdefs.h. ##
## ----------- ##

/* confdefs.h */
#define PACKAGE_NAME ""
#define PACKAGE_TARNAME ""
#define PACKAGE_VERSION ""
#define PACKAGE_STRING ""
#define PACKAGE_BUGREPORT ""
#define PACKAGE_URL ""
#define PACKAGE "awsedit"
#define VERSION "0.1"
#define HAVE_LIBGTHREAD_2_0 1
#define STDC_HEADERS 1
#define GETTEXT_PACKAGE "awsedit"
#define HAVE_SYS_TYPES_H 1
#define HAVE_SYS_STAT_H 1
#define HAVE_STDLIB_H 1
#define HAVE_STRING_H 1
#define HAVE_MEMORY_H 1
#define HAVE_STRINGS_H 1
#define HAVE_INTTYPES_H 1
#define HAVE_STDINT_H 1
#define HAVE_UNISTD_H 1
#define HAVE_LOCALE_H 1
#define HAVE_LC_MESSAGES 1
#define HAVE_BIND_TEXTDOMAIN_CODESET 1
#define HAVE_GETTEXT 1

configure: exit 0
